0 info it worked if it ends with ok
1 verbose cli [ 'C:\\Program Files (x86)\\nodejs\\node.exe',
1 verbose cli   'C:\\Program Files (x86)\\nodejs\\node_modules\\npm\\bin\\npm-cli.js',
1 verbose cli   'start' ]
2 info using npm@3.9.5
3 info using node@v6.2.2
4 verbose run-script [ 'prestart', 'start', 'poststart' ]
5 info lifecycle shri-2018-2-task-1@1.0.0~prestart: shri-2018-2-task-1@1.0.0
6 silly lifecycle shri-2018-2-task-1@1.0.0~prestart: no script for prestart, continuing
7 info lifecycle shri-2018-2-task-1@1.0.0~start: shri-2018-2-task-1@1.0.0
8 verbose lifecycle shri-2018-2-task-1@1.0.0~start: unsafe-perm in lifecycle true
9 verbose lifecycle shri-2018-2-task-1@1.0.0~start: PATH: C:\Program Files (x86)\nodejs\node_modules\npm\bin\node-gyp-bin;C:\Users\sf_sl\Downloads\ЯНДЕКС ТЗ\entrance-task-1-2-master\node_modules\.bin;C:\Program Files (x86)\nodejs;C:\ProgramData\Oracle\Java\javapath;C:\WINDOWS\system32;C:\WINDOWS;C:\WINDOWS\System32\Wbem;C:\WINDOWS\System32\WindowsPowerShell\v1.0\;C:\Program Files\Microsoft SQL Server\130\Tools\Binn\;C:\Program Files\Git\cmd;C:\CooCox\CoIDE_V2Beta\bin;C:\Program Files (x86)\nodejs\;%QUARTUS_ROOTDIR%\bin;C:\HashiCorp\Vagrant\bin;C:\xampp\php;C:\ProgramData\ComposerSetup\bin;C:\Program Files (x86)\Skype\Phone\;C:\Program Files (x86)\GtkSharp\2.12\bin;C:\Program Files\PuTTY\;C:\WINDOWS\System32\OpenSSH\;C:\Program Files (x86)\GNU Tools ARM Embedded\5.3 2016q1\bin;C:\Users\sf_sl\AppData\Roaming\npm;C:\php-5.6;C:\Users\sf_sl\AppData\Local\Microsoft\WindowsApps;C:\Program Files\modeltech64_10.4\win64;C:\Program Files\Modeltech_pe_edu_10.4a\win32pe_edu;C:\Modeltech_pe_edu_10.4a\win32pe_edu;C:\Users\sf_sl\AppData\Roaming\Composer\vendor\bin;C:\opencv\build\x64\vc14\bin;
10 verbose lifecycle shri-2018-2-task-1@1.0.0~start: CWD: C:\Users\sf_sl\Downloads\ЯНДЕКС ТЗ\entrance-task-1-2-master
11 silly lifecycle shri-2018-2-task-1@1.0.0~start: Args: [ '/d /s /c', 'webpack-dev-server' ]
12 silly lifecycle shri-2018-2-task-1@1.0.0~start: Returned: code: 1  signal: null
13 info lifecycle shri-2018-2-task-1@1.0.0~start: Failed to exec start script
14 verbose stack Error: shri-2018-2-task-1@1.0.0 start: `webpack-dev-server`
14 verbose stack Exit status 1
14 verbose stack     at EventEmitter.<anonymous> (C:\Program Files (x86)\nodejs\node_modules\npm\lib\utils\lifecycle.js:245:16)
14 verbose stack     at emitTwo (events.js:106:13)
14 verbose stack     at EventEmitter.emit (events.js:191:7)
14 verbose stack     at ChildProcess.<anonymous> (C:\Program Files (x86)\nodejs\node_modules\npm\lib\utils\spawn.js:24:14)
14 verbose stack     at emitTwo (events.js:106:13)
14 verbose stack     at ChildProcess.emit (events.js:191:7)
14 verbose stack     at maybeClose (internal/child_process.js:852:16)
14 verbose stack     at Process.ChildProcess._handle.onexit (internal/child_process.js:215:5)
15 verbose pkgid shri-2018-2-task-1@1.0.0
16 verbose cwd C:\Users\sf_sl\Downloads\ЯНДЕКС ТЗ\entrance-task-1-2-master
17 error Windows_NT 10.0.17134
18 error argv "C:\\Program Files (x86)\\nodejs\\node.exe" "C:\\Program Files (x86)\\nodejs\\node_modules\\npm\\bin\\npm-cli.js" "start"
19 error node v6.2.2
20 error npm  v3.9.5
21 error code ELIFECYCLE
22 error shri-2018-2-task-1@1.0.0 start: `webpack-dev-server`
22 error Exit status 1
23 error Failed at the shri-2018-2-task-1@1.0.0 start script 'webpack-dev-server'.
23 error Make sure you have the latest version of node.js and npm installed.
23 error If you do, this is most likely a problem with the shri-2018-2-task-1 package,
23 error not with npm itself.
23 error Tell the author that this fails on your system:
23 error     webpack-dev-server
23 error You can get information on how to open an issue for this project with:
23 error     npm bugs shri-2018-2-task-1
23 error Or if that isn't available, you can get their info via:
23 error     npm owner ls shri-2018-2-task-1
23 error There is likely additional logging output above.
24 verbose exit [ 1, true ]
